mode: count
strider-backend-test.com/api/routes/user/service.go:18.53,20.2 1 6
strider-backend-test.com/api/routes/user/service.go:22.116,24.28 1 6
strider-backend-test.com/api/routes/user/service.go:32.2,32.12 1 6
strider-backend-test.com/api/routes/user/service.go:24.28,26.3 1 2
strider-backend-test.com/api/routes/user/service.go:26.8,26.38 1 4
strider-backend-test.com/api/routes/user/service.go:26.38,28.3 1 2
strider-backend-test.com/api/routes/user/service.go:28.8,30.3 1 2
strider-backend-test.com/api/routes/post/controller.go:19.48,21.2 1 9
strider-backend-test.com/api/routes/post/controller.go:23.53,27.40 2 4
strider-backend-test.com/api/routes/post/controller.go:31.2,31.44 1 3
strider-backend-test.com/api/routes/post/controller.go:35.2,36.16 2 2
strider-backend-test.com/api/routes/post/controller.go:40.2,40.41 1 1
strider-backend-test.com/api/routes/post/controller.go:27.40,29.3 1 1
strider-backend-test.com/api/routes/post/controller.go:31.44,33.3 1 1
strider-backend-test.com/api/routes/post/controller.go:36.16,38.3 1 1
strider-backend-test.com/api/routes/post/controller.go:43.51,47.44 2 5
strider-backend-test.com/api/routes/post/controller.go:51.2,51.48 1 4
strider-backend-test.com/api/routes/post/controller.go:55.2,56.16 2 3
strider-backend-test.com/api/routes/post/controller.go:60.2,60.21 1 2
strider-backend-test.com/api/routes/post/controller.go:64.2,64.37 1 1
strider-backend-test.com/api/routes/post/controller.go:47.44,49.3 1 1
strider-backend-test.com/api/routes/post/controller.go:51.48,53.3 1 1
strider-backend-test.com/api/routes/post/controller.go:56.16,58.3 1 1
strider-backend-test.com/api/routes/post/controller.go:60.21,62.3 1 1
strider-backend-test.com/api/routes/post/routes.go:11.38,27.2 11 0
strider-backend-test.com/api/routes/post/service.go:23.79,25.2 1 12
strider-backend-test.com/api/routes/post/service.go:27.101,30.16 2 8
strider-backend-test.com/api/routes/post/service.go:34.2,34.15 1 7
strider-backend-test.com/api/routes/post/service.go:42.2,43.16 2 7
strider-backend-test.com/api/routes/post/service.go:47.2,49.30 3 4
strider-backend-test.com/api/routes/post/service.go:52.2,52.31 1 4
strider-backend-test.com/api/routes/post/service.go:57.2,57.56 1 4
strider-backend-test.com/api/routes/post/service.go:61.2,61.18 1 3
strider-backend-test.com/api/routes/post/service.go:30.16,32.3 1 1
strider-backend-test.com/api/routes/post/service.go:34.15,35.17 1 7
strider-backend-test.com/api/routes/post/service.go:35.17,37.4 1 4
strider-backend-test.com/api/routes/post/service.go:37.9,39.4 1 3
strider-backend-test.com/api/routes/post/service.go:43.16,45.3 1 3
strider-backend-test.com/api/routes/post/service.go:49.30,51.3 1 3
strider-backend-test.com/api/routes/post/service.go:52.31,55.3 2 2
strider-backend-test.com/api/routes/post/service.go:57.56,59.3 1 1
strider-backend-test.com/api/routes/post/service.go:64.114,66.16 2 7
strider-backend-test.com/api/routes/post/service.go:70.2,70.21 1 6
strider-backend-test.com/api/routes/post/service.go:74.2,76.47 2 5
strider-backend-test.com/api/routes/post/service.go:66.16,68.3 1 1
strider-backend-test.com/api/routes/post/service.go:70.21,72.3 1 1
strider-backend-test.com/api/routes/post/service.go:79.110,81.31 1 4
strider-backend-test.com/api/routes/post/service.go:89.2,89.16 1 4
strider-backend-test.com/api/routes/post/service.go:93.2,93.19 1 3
strider-backend-test.com/api/routes/post/service.go:81.31,83.3 1 1
strider-backend-test.com/api/routes/post/service.go:83.8,83.44 1 3
strider-backend-test.com/api/routes/post/service.go:83.44,85.3 1 1
strider-backend-test.com/api/routes/post/service.go:85.8,87.3 1 2
strider-backend-test.com/api/routes/post/service.go:89.16,91.3 1 1
strider-backend-test.com/api/routes/follower/controller.go:18.48,20.2 1 8
strider-backend-test.com/api/routes/follower/controller.go:22.53,25.40 2 4
strider-backend-test.com/api/routes/follower/controller.go:29.2,29.44 1 4
strider-backend-test.com/api/routes/follower/controller.go:33.2,37.16 5 2
strider-backend-test.com/api/routes/follower/controller.go:41.2,41.45 1 1
strider-backend-test.com/api/routes/follower/controller.go:25.40,27.3 1 0
strider-backend-test.com/api/routes/follower/controller.go:29.44,31.3 1 2
strider-backend-test.com/api/routes/follower/controller.go:37.16,39.3 1 1
strider-backend-test.com/api/routes/follower/controller.go:44.55,47.40 2 4
strider-backend-test.com/api/routes/follower/controller.go:51.2,51.44 1 4
strider-backend-test.com/api/routes/follower/controller.go:55.2,59.16 5 2
strider-backend-test.com/api/routes/follower/controller.go:63.2,63.40 1 1
strider-backend-test.com/api/routes/follower/controller.go:47.40,49.3 1 0
strider-backend-test.com/api/routes/follower/controller.go:51.44,53.3 1 2
strider-backend-test.com/api/routes/follower/controller.go:59.16,61.3 1 1
strider-backend-test.com/api/routes/follower/routes.go:11.38,24.2 8 0
strider-backend-test.com/api/routes/follower/service.go:22.79,24.2 1 10
strider-backend-test.com/api/routes/follower/service.go:26.85,29.16 2 5
strider-backend-test.com/api/routes/follower/service.go:33.2,33.15 1 4
strider-backend-test.com/api/routes/follower/service.go:41.2,41.72 1 4
strider-backend-test.com/api/routes/follower/service.go:45.2,45.75 1 3
strider-backend-test.com/api/routes/follower/service.go:49.2,49.44 1 2
strider-backend-test.com/api/routes/follower/service.go:29.16,31.3 1 1
strider-backend-test.com/api/routes/follower/service.go:33.15,34.17 1 4
strider-backend-test.com/api/routes/follower/service.go:34.17,36.4 1 3
strider-backend-test.com/api/routes/follower/service.go:36.9,38.4 1 1
strider-backend-test.com/api/routes/follower/service.go:41.72,43.3 1 1
strider-backend-test.com/api/routes/follower/service.go:45.75,47.3 1 1
strider-backend-test.com/api/routes/follower/service.go:52.87,55.16 2 5
strider-backend-test.com/api/routes/follower/service.go:59.2,59.15 1 4
strider-backend-test.com/api/routes/follower/service.go:67.2,67.73 1 4
strider-backend-test.com/api/routes/follower/service.go:71.2,71.76 1 3
strider-backend-test.com/api/routes/follower/service.go:75.2,75.44 1 2
strider-backend-test.com/api/routes/follower/service.go:55.16,57.3 1 1
strider-backend-test.com/api/routes/follower/service.go:59.15,60.17 1 4
strider-backend-test.com/api/routes/follower/service.go:60.17,62.4 1 3
strider-backend-test.com/api/routes/follower/service.go:62.9,64.4 1 1
strider-backend-test.com/api/routes/follower/service.go:67.73,69.3 1 1
strider-backend-test.com/api/routes/follower/service.go:71.76,73.3 1 1
strider-backend-test.com/api/routes/follower/service.go:78.114,82.2 2 6
strider-backend-test.com/api/routes/follower/service.go:84.115,88.2 2 8
